C51 COMPILER V9.60.7.0   VISITOR_COUNTER                                                   05/05/2023 18:24:44 PAGE 1   


C51 COMPILER V9.60.7.0, COMPILATION OF MODULE VISITOR_COUNTER
OBJECT MODULE PLACED IN .\Objects\visitor_counter.obj
COMPILER INVOKED BY: C:\Keil_v5\C51\BIN\C51.EXE visitor_counter.c OPTIMIZE(8,SPEED) BROWSE DEBUG OBJECTEXTEND PRINT(.\Li
                    -stings\visitor_counter.lst) TABS(2) OBJECT(.\Objects\visitor_counter.obj)

line level    source

   1          #include <reg51.h>
   2          
   3          sbit but1=P1^0; //entry
   4          sbit but2=P1^1; //exit
   5          sbit rs=P1^2;
   6          sbit rw=P1^3;
   7          sbit en=P1^4;
   8          void lcdcmd(unsigned char);
   9          void lcddat(unsigned char);
  10          void delay();
  11          void lcddisp(unsigned char *s, unsigned char r);
  12          void lcdconv(unsigned char);
  13          void main()
  14          {
  15   1            unsigned char x,y;
  16   1            int a1=0;
  17   1            int a2=0;
  18   1            lcdcmd(0x38);
  19   1            delay();
  20   1            lcdcmd(0x01);
  21   1            delay();
  22   1            lcdcmd(0x10);
  23   1            delay();
  24   1            lcdcmd(0x0c);
  25   1            delay();
  26   1            lcdcmd(0x80);
  27   1            delay();
  28   1            lcddisp("WELCOME", 7);
  29   1            lcdcmd(0xc0);
  30   1            delay();  
  31   1            lcddisp("VISITOR COUNTER", 15);
  32   1            delay();
  33   1            while(1)
  34   1            { 
  35   2            if(but1==0)
  36   2            {
  37   3            a1++;
  38   3            if (a1==1 && a2==0)
  39   3            {
  40   4            lcdcmd(0x01);
  41   4            delay();
  42   4            }
  43   3            lcdcmd(0x80);
  44   3            delay();
  45   3            lcddisp("ENTRY: ", 6);
  46   3            lcdcmd(0x87);
  47   3            delay();
  48   3            x++;
  49   3            lcdconv(x);
  50   3            }
  51   2            if(but2==0)
  52   2            {
  53   3            a2++;
  54   3            if(a2==1 && a1==0)
C51 COMPILER V9.60.7.0   VISITOR_COUNTER                                                   05/05/2023 18:24:44 PAGE 2   

  55   3            {
  56   4      //    lcdcmd(0x01);
  57   4            delay();
  58   4            }
  59   3            lcdcmd(0xc0);
  60   3            lcddisp("EXIT: ",5);
  61   3            lcdcmd(0xc6);
  62   3            delay();
  63   3            y++;
  64   3            if(y>x)
  65   3            {
  66   4            lcdcmd(0x01);
  67   4      //    lcdcmd(0x80);
  68   4            lcddisp("ERROR!", 6);
  69   4            delay();
  70   4            y--;
  71   4            continue;
  72   4            }
  73   3            lcdconv(y);
  74   3            delay();        
  75   3            }
  76   2          }
  77   1      }
  78          void lcdcmd(unsigned char value)
  79          {
  80   1            P2 = value;
  81   1            rs = 0;
  82   1            rw = 0;
  83   1            en = 1;
  84   1            delay();
  85   1            en = 0;
  86   1      }
  87          void lcddat(unsigned char dat)
  88          {
  89   1            P2 = dat;
  90   1            rs = 1;
  91   1            rw = 0;
  92   1            en = 1;
  93   1            delay();
  94   1            en = 0;
  95   1      }
  96          void lcddisp(unsigned char *s, unsigned char r)
  97          {
  98   1            unsigned char w;
  99   1            for (w=0;w<r;w++)
 100   1            {
 101   2            lcddat(s[w]);
 102   2            delay();
 103   2            }
 104   1      }
 105          void lcdconv(unsigned char num)
 106          {
 107   1            unsigned char p, n;
 108   1            p=num/10;
 109   1            n=num%10;
 110   1            p=p+0x30;
 111   1            n=n+0x30;
 112   1            lcddat(p);
 113   1            lcddat(n);
 114   1      }
 115          void delay()
 116          {
C51 COMPILER V9.60.7.0   VISITOR_COUNTER                                                   05/05/2023 18:24:44 PAGE 3   

 117   1            unsigned int k, l;
 118   1            for(k=0;k<3000;k++);
 119   1            for(l=0;l<100;l++);
 120   1      }


MODULE INFORMATION:   STATIC OVERLAYABLE
   CODE SIZE        =    377    ----
   CONSTANT SIZE    =     46    ----
   XDATA SIZE       =   ----    ----
   PDATA SIZE       =   ----    ----
   DATA SIZE        =   ----      12
   IDATA SIZE       =   ----    ----
   BIT SIZE         =   ----    ----
END OF MODULE INFORMATION.


C51 COMPILATION COMPLETE.  0 WARNING(S),  0 ERROR(S)
